<?xml version="1.0" encoding="UTF-8"?>
<testsuite name="StringCalculatorTest" tests="1" skipped="0" failures="0" errors="0" timestamp="2020-06-12T10:42:06" hostname="koketso-HP-15-Notebook-PC" time="0.02">
  <properties/>
  <testcase name="handleNumbersGreaterThanThousand" classname="StringCalculatorTest" time="0.02"/>
  <system-out><![CDATA[]]></system-out>
  <system-err><![CDATA[]]></system-err>
</testsuite>
